<?xml version="1.0" encoding="UTF-8"?>
<!-- Generated by org.testng.reporters.JUnitXMLReporter -->
<testsuite ignored="0" hostname="RayofHope" failures="1" tests="1" name="Test" time="13.554" errors="0" timestamp="2024-07-25T13:27:51 IST">
  <testcase classname="com.ttn.TestCases.FMP.SendOTPTest" name="sendOTP_ValidInput" time="3.38">
    <failure type="java.lang.AssertionError" message="Status Code Validation Failed for Send OTP API expected [200] but found [403]">
      <![CDATA[java.lang.AssertionError: Status Code Validation Failed for Send OTP API expected [200] but found [403]
at com.ttn.TestCases.FMP.SendOTPTest.sendOTP_ValidInput(SendOTPTest.java:40)
at java.base/java.util.ArrayList.forEach(ArrayList.java:1511)
... Removed 31 stack frames]]>
    </failure>
  </testcase> <!-- sendOTP_ValidInput -->
</testsuite> <!-- Test -->
