<?xml version="1.0" encoding="UTF-8"?>
<testng-results ignored="0" total="1" passed="0" failed="1" skipped="0">
  <reporter-output>
  </reporter-output>
  <suite started-at="2024-07-25T13:27:37 IST" name="Suite" finished-at="2024-07-25T13:27:51 IST" duration-ms="13554">
    <groups>
      <group name="Prod">
        <method signature="SendOTPTest.sendOTP_ValidInput(java.util.Hashtable)[pri:0, instance:com.ttn.TestCases.FMP.SendOTPTest@5aabbb29]" name="sendOTP_ValidInput" class="com.ttn.TestCases.FMP.SendOTPTest"/>
      </group> <!-- Prod -->
      <group name="Sanity">
        <method signature="SendOTPTest.sendOTP_ValidInput(java.util.Hashtable)[pri:0, instance:com.ttn.TestCases.FMP.SendOTPTest@5aabbb29]" name="sendOTP_ValidInput" class="com.ttn.TestCases.FMP.SendOTPTest"/>
      </group> <!-- Sanity -->
      <group name="Regression">
        <method signature="SendOTPTest.sendOTP_ValidInput(java.util.Hashtable)[pri:0, instance:com.ttn.TestCases.FMP.SendOTPTest@5aabbb29]" name="sendOTP_ValidInput" class="com.ttn.TestCases.FMP.SendOTPTest"/>
      </group> <!-- Regression -->
      <group name="ARENA">
        <method signature="SendOTPTest.sendOTP_ValidInput(java.util.Hashtable)[pri:0, instance:com.ttn.TestCases.FMP.SendOTPTest@5aabbb29]" name="sendOTP_ValidInput" class="com.ttn.TestCases.FMP.SendOTPTest"/>
      </group> <!-- ARENA -->
    </groups>
    <test started-at="2024-07-25T13:27:37 IST" name="Test" finished-at="2024-07-25T13:27:51 IST" duration-ms="13554">
      <class name="com.ttn.TestCases.FMP.SendOTPTest">
        <test-method is-config="true" signature="before()[pri:0, instance:com.ttn.TestCases.FMP.SendOTPTest@5aabbb29]" started-at="2024-07-25T13:27:37 IST" name="before" finished-at="2024-07-25T13:27:37 IST" duration-ms="166" status="PASS">
          <reporter-output>
          </reporter-output>
        </test-method> <!-- before -->
        <test-method is-config="true" signature="setAccessToken(java.lang.String, java.lang.String, java.lang.String)[pri:0, instance:com.ttn.TestCases.FMP.SendOTPTest@5aabbb29]" started-at="2024-07-25T13:27:37 IST" name="setAccessToken" finished-at="2024-07-25T13:27:37 IST" duration-ms="5" status="PASS">
          <params>
            <param index="0">
              <value>
                <![CDATA[Prod]]>
              </value>
            </param>
            <param index="1">
              <value>
                <![CDATA[Regression]]>
              </value>
            </param>
            <param index="2">
              <value>
                <![CDATA[no]]>
              </value>
            </param>
          </params>
          <reporter-output>
          </reporter-output>
        </test-method> <!-- setAccessToken -->
        <test-method is-config="true" signature="startReporting(java.lang.reflect.Method)[pri:0, instance:com.ttn.TestCases.FMP.SendOTPTest@5aabbb29]" started-at="2024-07-25T13:27:47 IST" name="startReporting" finished-at="2024-07-25T13:27:47 IST" duration-ms="13" status="PASS">
          <params>
            <param index="0">
              <value>
                <![CDATA[public void com.ttn.TestCases.FMP.SendOTPTest.sendOTP_ValidInput(java.util.Hashtable) throws org.apache.poi.EncryptedDocumentException,java.io.IOException,org.apache.juneau.serializer.SerializeException]]>
              </value>
            </param>
          </params>
          <reporter-output>
          </reporter-output>
        </test-method> <!-- startReporting -->
        <test-method signature="sendOTP_ValidInput(java.util.Hashtable)[pri:0, instance:com.ttn.TestCases.FMP.SendOTPTest@5aabbb29]" started-at="2024-07-25T13:27:47 IST" name="sendOTP_ValidInput" data-provider="SendOTP_ValidInput" finished-at="2024-07-25T13:27:51 IST" duration-ms="3380" status="FAIL">
          <params>
            <param index="0">
              <value>
                <![CDATA[{mobile=, channel=AR}]]>
              </value>
            </param>
          </params>
          <exception class="java.lang.AssertionError">
            <message>
              <![CDATA[Status Code Validation Failed for Send OTP API expected [200] but found [403]]]>
            </message>
            <full-stacktrace>
              <![CDATA[java.lang.AssertionError: Status Code Validation Failed for Send OTP API expected [200] but found [403]
at org.testng.Assert.fail(Assert.java:97)
at org.testng.Assert.assertEqualsImpl(Assert.java:136)
at org.testng.Assert.assertEquals(Assert.java:118)
at org.testng.Assert.assertEquals(Assert.java:839)
at com.ttn.TestCases.FMP.SendOTPTest.sendOTP_ValidInput(SendOTPTest.java:40)
at java.base/jdk.internal.reflect.NativeMethodAccessorImpl.invoke0(Native Method)
at java.base/jdk.internal.reflect.NativeMethodAccessorImpl.invoke(NativeMethodAccessorImpl.java:77)
at java.base/jdk.internal.reflect.DelegatingMethodAccessorImpl.invoke(DelegatingMethodAccessorImpl.java:43)
at java.base/java.lang.reflect.Method.invoke(Method.java:568)
at org.testng.internal.MethodInvocationHelper.invokeMethod(MethodInvocationHelper.java:134)
at org.testng.internal.TestInvoker.invokeMethod(TestInvoker.java:597)
at org.testng.internal.TestInvoker.invokeTestMethod(TestInvoker.java:173)
at org.testng.internal.MethodRunner.runInSequence(MethodRunner.java:46)
at org.testng.internal.TestInvoker$MethodInvocationAgent.invoke(TestInvoker.java:816)
at org.testng.internal.TestInvoker.invokeTestMethods(TestInvoker.java:146)
at org.testng.internal.TestMethodWorker.invokeTestMethods(TestMethodWorker.java:146)
at org.testng.internal.TestMethodWorker.run(TestMethodWorker.java:128)
at java.base/java.util.ArrayList.forEach(ArrayList.java:1511)
at org.testng.TestRunner.privateRun(TestRunner.java:766)
at org.testng.TestRunner.run(TestRunner.java:587)
at org.testng.SuiteRunner.runTest(SuiteRunner.java:384)
at org.testng.SuiteRunner.runSequentially(SuiteRunner.java:378)
at org.testng.SuiteRunner.privateRun(SuiteRunner.java:337)
at org.testng.SuiteRunner.run(SuiteRunner.java:286)
at org.testng.SuiteRunnerWorker.runSuite(SuiteRunnerWorker.java:53)
at org.testng.SuiteRunnerWorker.run(SuiteRunnerWorker.java:96)
at org.testng.TestNG.runSuitesSequentially(TestNG.java:1187)
at org.testng.TestNG.runSuitesLocally(TestNG.java:1109)
at org.testng.TestNG.runSuites(TestNG.java:1039)
at org.testng.TestNG.run(TestNG.java:1007)
at org.testng.remote.AbstractRemoteTestNG.run(AbstractRemoteTestNG.java:115)
at org.testng.remote.RemoteTestNG.initAndRun(RemoteTestNG.java:251)
at org.testng.remote.RemoteTestNG.main(RemoteTestNG.java:77)
]]>
            </full-stacktrace>
          </exception> <!-- java.lang.AssertionError -->
          <reporter-output>
          </reporter-output>
        </test-method> <!-- sendOTP_ValidInput -->
        <test-method is-config="true" signature="reportClosure(org.testng.ITestResult)[pri:0, instance:com.ttn.TestCases.FMP.SendOTPTest@5aabbb29]" started-at="2024-07-25T13:27:51 IST" name="reportClosure" finished-at="2024-07-25T13:27:51 IST" duration-ms="18" status="PASS">
          <params>
            <param index="0">
              <value>
                <![CDATA[[TestResult name=sendOTP_ValidInput status=FAILURE method=SendOTPTest.sendOTP_ValidInput(java.util.Hashtable)[pri:0, instance:com.ttn.TestCases.FMP.SendOTPTest@5aabbb29] output={null}]]]>
              </value>
            </param>
          </params>
          <reporter-output>
          </reporter-output>
        </test-method> <!-- reportClosure -->
        <test-method is-config="true" signature="tearDown()[pri:0, instance:com.ttn.TestCases.FMP.SendOTPTest@5aabbb29]" started-at="2024-07-25T13:27:51 IST" name="tearDown" finished-at="2024-07-25T13:27:51 IST" duration-ms="387" status="PASS">
          <reporter-output>
          </reporter-output>
        </test-method> <!-- tearDown -->
        <test-method is-config="true" signature="setPassword()[pri:0, instance:com.ttn.TestCases.FMP.SendOTPTest@5aabbb29]" started-at="2024-07-25T13:27:51 IST" name="setPassword" finished-at="2024-07-25T13:27:51 IST" duration-ms="27" status="PASS">
          <reporter-output>
          </reporter-output>
        </test-method> <!-- setPassword -->
      </class> <!-- com.ttn.TestCases.FMP.SendOTPTest -->
    </test> <!-- Test -->
  </suite> <!-- Suite -->
</testng-results>
