<?xml version="1.0" encoding="UTF-8"?>
<testng-results ignored="0" total="1" passed="1" failed="0" skipped="0">
  <reporter-output>
  </reporter-output>
  <suite started-at="2024-07-25T13:34:40 IST" name="Suite" finished-at="2024-07-25T13:34:54 IST" duration-ms="14225">
    <groups>
      <group name="Prod">
        <method signature="SendOTPTest.sendOTP_ValidInput(java.util.Hashtable)[pri:0, instance:com.ttn.TestCases.FMP.SendOTPTest@4b9df8a]" name="sendOTP_ValidInput" class="com.ttn.TestCases.FMP.SendOTPTest"/>
      </group> <!-- Prod -->
      <group name="Sanity">
        <method signature="SendOTPTest.sendOTP_ValidInput(java.util.Hashtable)[pri:0, instance:com.ttn.TestCases.FMP.SendOTPTest@4b9df8a]" name="sendOTP_ValidInput" class="com.ttn.TestCases.FMP.SendOTPTest"/>
      </group> <!-- Sanity -->
      <group name="Regression">
        <method signature="SendOTPTest.sendOTP_ValidInput(java.util.Hashtable)[pri:0, instance:com.ttn.TestCases.FMP.SendOTPTest@4b9df8a]" name="sendOTP_ValidInput" class="com.ttn.TestCases.FMP.SendOTPTest"/>
      </group> <!-- Regression -->
      <group name="ARENA">
        <method signature="SendOTPTest.sendOTP_ValidInput(java.util.Hashtable)[pri:0, instance:com.ttn.TestCases.FMP.SendOTPTest@4b9df8a]" name="sendOTP_ValidInput" class="com.ttn.TestCases.FMP.SendOTPTest"/>
      </group> <!-- ARENA -->
    </groups>
    <test started-at="2024-07-25T13:34:40 IST" name="Test" finished-at="2024-07-25T13:34:54 IST" duration-ms="14225">
      <class name="com.ttn.TestCases.FMP.SendOTPTest">
        <test-method is-config="true" signature="before()[pri:0, instance:com.ttn.TestCases.FMP.SendOTPTest@4b9df8a]" started-at="2024-07-25T13:34:39 IST" name="before" finished-at="2024-07-25T13:34:40 IST" duration-ms="152" status="PASS">
          <reporter-output>
          </reporter-output>
        </test-method> <!-- before -->
        <test-method is-config="true" signature="setAccessToken(java.lang.String, java.lang.String, java.lang.String)[pri:0, instance:com.ttn.TestCases.FMP.SendOTPTest@4b9df8a]" started-at="2024-07-25T13:34:40 IST" name="setAccessToken" finished-at="2024-07-25T13:34:40 IST" duration-ms="5" status="PASS">
          <params>
            <param index="0">
              <value>
                <![CDATA[Stage]]>
              </value>
            </param>
            <param index="1">
              <value>
                <![CDATA[Sanity]]>
              </value>
            </param>
            <param index="2">
              <value>
                <![CDATA[no]]>
              </value>
            </param>
          </params>
          <reporter-output>
          </reporter-output>
        </test-method> <!-- setAccessToken -->
        <test-method is-config="true" signature="startReporting(java.lang.reflect.Method)[pri:0, instance:com.ttn.TestCases.FMP.SendOTPTest@4b9df8a]" started-at="2024-07-25T13:34:49 IST" name="startReporting" finished-at="2024-07-25T13:34:49 IST" duration-ms="9" status="PASS">
          <params>
            <param index="0">
              <value>
                <![CDATA[public void com.ttn.TestCases.FMP.SendOTPTest.sendOTP_ValidInput(java.util.Hashtable) throws org.apache.poi.EncryptedDocumentException,java.io.IOException,org.apache.juneau.serializer.SerializeException]]>
              </value>
            </param>
          </params>
          <reporter-output>
          </reporter-output>
        </test-method> <!-- startReporting -->
        <test-method signature="sendOTP_ValidInput(java.util.Hashtable)[pri:0, instance:com.ttn.TestCases.FMP.SendOTPTest@4b9df8a]" started-at="2024-07-25T13:34:49 IST" name="sendOTP_ValidInput" data-provider="SendOTP_ValidInput" finished-at="2024-07-25T13:34:53 IST" duration-ms="4677" status="PASS">
          <params>
            <param index="0">
              <value>
                <![CDATA[{mobile=, channel=AR}]]>
              </value>
            </param>
          </params>
          <reporter-output>
          </reporter-output>
        </test-method> <!-- sendOTP_ValidInput -->
        <test-method is-config="true" signature="reportClosure(org.testng.ITestResult)[pri:0, instance:com.ttn.TestCases.FMP.SendOTPTest@4b9df8a]" started-at="2024-07-25T13:34:53 IST" name="reportClosure" finished-at="2024-07-25T13:34:53 IST" duration-ms="31" status="PASS">
          <params>
            <param index="0">
              <value>
                <![CDATA[[TestResult name=sendOTP_ValidInput status=SUCCESS method=SendOTPTest.sendOTP_ValidInput(java.util.Hashtable)[pri:0, instance:com.ttn.TestCases.FMP.SendOTPTest@4b9df8a] output={null}]]]>
              </value>
            </param>
          </params>
          <reporter-output>
          </reporter-output>
        </test-method> <!-- reportClosure -->
        <test-method is-config="true" signature="tearDown()[pri:0, instance:com.ttn.TestCases.FMP.SendOTPTest@4b9df8a]" started-at="2024-07-25T13:34:53 IST" name="tearDown" finished-at="2024-07-25T13:34:54 IST" duration-ms="508" status="PASS">
          <reporter-output>
          </reporter-output>
        </test-method> <!-- tearDown -->
        <test-method is-config="true" signature="setPassword()[pri:0, instance:com.ttn.TestCases.FMP.SendOTPTest@4b9df8a]" started-at="2024-07-25T13:34:54 IST" name="setPassword" finished-at="2024-07-25T13:34:54 IST" duration-ms="35" status="PASS">
          <reporter-output>
          </reporter-output>
        </test-method> <!-- setPassword -->
      </class> <!-- com.ttn.TestCases.FMP.SendOTPTest -->
    </test> <!-- Test -->
  </suite> <!-- Suite -->
</testng-results>
